c:\users\valter zazubovits\documents\visual studio 2019\projects\december 2022\mitacsgui\x64\debug\mitacsgui.pch
c:\users\valter zazubovits\documents\visual studio 2019\projects\december 2022\mitacsgui\x64\debug\vc142.pdb
c:\users\valter zazubovits\documents\visual studio 2019\projects\december 2022\mitacsgui\x64\debug\vc142.idb
c:\users\valter zazubovits\documents\visual studio 2019\projects\december 2022\mitacsgui\x64\debug\pch.obj
c:\users\valter zazubovits\documents\visual studio 2019\projects\december 2022\mitacsgui\x64\debug\write_on_files.obj
c:\users\valter zazubovits\documents\visual studio 2019\projects\december 2022\mitacsgui\x64\debug\3dto1d.obj
c:\users\valter zazubovits\documents\visual studio 2019\projects\december 2022\mitacsgui\x64\debug\solve_rate_matrix.obj
c:\users\valter zazubovits\documents\visual studio 2019\projects\december 2022\mitacsgui\x64\debug\solve_ode.obj
c:\users\valter zazubovits\documents\visual studio 2019\projects\december 2022\mitacsgui\x64\debug\solve_eigen_system.obj
c:\users\valter zazubovits\documents\visual studio 2019\projects\december 2022\mitacsgui\x64\debug\set_output_matrix_at_different_t.obj
c:\users\valter zazubovits\documents\visual studio 2019\projects\december 2022\mitacsgui\x64\debug\order_well_vs_frequency.obj
c:\users\valter zazubovits\documents\visual studio 2019\projects\december 2022\mitacsgui\x64\debug\mitacsguidlg.obj
c:\users\valter zazubovits\documents\visual studio 2019\projects\december 2022\mitacsgui\x64\debug\mitacsgui.obj
c:\users\valter zazubovits\documents\visual studio 2019\projects\december 2022\mitacsgui\x64\debug\hole_calculation.obj
c:\users\valter zazubovits\documents\visual studio 2019\projects\december 2022\mitacsgui\x64\debug\generate_energy_landscape.obj
c:\users\valter zazubovits\documents\visual studio 2019\projects\december 2022\mitacsgui\x64\debug\find_resonant_well.obj
c:\users\valter zazubovits\documents\visual studio 2019\projects\december 2022\mitacsgui\x64\debug\create_rate_matrix.obj
c:\users\valter zazubovits\documents\visual studio 2019\projects\december 2022\mitacsgui\x64\debug\convert_well_to_frequency.obj
c:\users\valter zazubovits\documents\visual studio 2019\projects\december 2022\mitacsgui\x64\debug\check_situation.obj
c:\users\valter zazubovits\documents\visual studio 2019\projects\december 2022\mitacsgui\x64\debug\check_frequency_range.obj
c:\users\valter zazubovits\documents\visual studio 2019\projects\december 2022\mitacsgui\x64\debug\calculate_boltzman_dist.obj
c:\users\valter zazubovits\documents\visual studio 2019\projects\december 2022\mitacsgui\x64\debug\bin_frequency.obj
c:\users\valter zazubovits\documents\visual studio 2019\projects\december 2022\x64\debug\mitacsgui.exe
c:\users\valter zazubovits\documents\visual studio 2019\projects\december 2022\mitacsgui\x64\debug\mitacsgui.ilk
c:\users\valter zazubovits\documents\visual studio 2019\projects\december 2022\x64\debug\mitacsgui.pdb
c:\users\valter zazubovits\documents\visual studio 2019\projects\december 2022\x64\debug\gsld.dll
c:\users\valter zazubovits\documents\visual studio 2019\projects\december 2022\x64\debug\gslcblasd.dll
c:\users\valter zazubovits\documents\visual studio 2019\projects\december 2022\mitacsgui\x64\debug\mitacsgui.res
c:\users\valter zazubovits\documents\visual studio 2019\projects\december 2022\mitacsgui\x64\debug\create_rate_matrix.obj.enc
c:\users\valter zazubovits\documents\visual studio 2019\projects\december 2022\mitacsgui\x64\debug\mitacsgui.tlog\cl.command.1.tlog
c:\users\valter zazubovits\documents\visual studio 2019\projects\december 2022\mitacsgui\x64\debug\mitacsgui.tlog\cl.read.1.tlog
c:\users\valter zazubovits\documents\visual studio 2019\projects\december 2022\mitacsgui\x64\debug\mitacsgui.tlog\cl.write.1.tlog
c:\users\valter zazubovits\documents\visual studio 2019\projects\december 2022\mitacsgui\x64\debug\mitacsgui.tlog\link.command.1.tlog
c:\users\valter zazubovits\documents\visual studio 2019\projects\december 2022\mitacsgui\x64\debug\mitacsgui.tlog\link.read.1.tlog
c:\users\valter zazubovits\documents\visual studio 2019\projects\december 2022\mitacsgui\x64\debug\mitacsgui.tlog\link.write.1.tlog
c:\users\valter zazubovits\documents\visual studio 2019\projects\december 2022\mitacsgui\x64\debug\mitacsgui.tlog\mitacsgui.write.1u.tlog
c:\users\valter zazubovits\documents\visual studio 2019\projects\december 2022\mitacsgui\x64\debug\mitacsgui.tlog\rc.command.1.tlog
c:\users\valter zazubovits\documents\visual studio 2019\projects\december 2022\mitacsgui\x64\debug\mitacsgui.tlog\rc.read.1.tlog
c:\users\valter zazubovits\documents\visual studio 2019\projects\december 2022\mitacsgui\x64\debug\mitacsgui.tlog\rc.write.1.tlog
