c:\users\valter zazubovits\documents\visual studio 2019\projects\mitacs giu backup nov 13\mitacsgui\debug\mitacsgui.pch
c:\users\valter zazubovits\documents\visual studio 2019\projects\mitacs giu backup nov 13\mitacsgui\debug\vc142.pdb
c:\users\valter zazubovits\documents\visual studio 2019\projects\mitacs giu backup nov 13\mitacsgui\debug\vc142.idb
c:\users\valter zazubovits\documents\visual studio 2019\projects\mitacs giu backup nov 13\mitacsgui\debug\pch.obj
c:\users\valter zazubovits\documents\visual studio 2019\projects\mitacs giu backup nov 13\mitacsgui\debug\mitacsguidlg.obj
c:\users\valter zazubovits\documents\visual studio 2019\projects\mitacs giu backup nov 13\mitacsgui\debug\mitacsgui.obj
c:\users\valter zazubovits\documents\visual studio 2019\projects\mitacs giu backup nov 13\mitacsgui\debug\generate_energy_landscape.obj
c:\users\valter zazubovits\documents\visual studio 2019\projects\mitacs giu backup nov 13\debug\mitacsgui.exe
c:\users\valter zazubovits\documents\visual studio 2019\projects\mitacs giu backup nov 13\mitacsgui\debug\mitacsgui.ilk
c:\users\valter zazubovits\documents\visual studio 2019\projects\mitacs giu backup nov 13\debug\mitacsgui.pdb
c:\users\valter zazubovits\documents\visual studio 2019\projects\mitacs giu backup nov 13\mitacsgui\debug\vcpkg.applocal.log
c:\users\valter zazubovits\documents\visual studio 2019\projects\mitacs giu backup nov 13\debug\gsld.dll
c:\users\valter zazubovits\documents\visual studio 2019\projects\mitacs giu backup nov 13\debug\gslcblasd.dll
c:\users\valter zazubovits\documents\visual studio 2019\projects\mitacs giu backup nov 13\mitacsgui\debug\mitacsgui.res
c:\users\valter zazubovits\documents\visual studio 2019\projects\mitacs giu backup nov 13\mitacsgui\debug\mitacsgui.tlog\cl.command.1.tlog
c:\users\valter zazubovits\documents\visual studio 2019\projects\mitacs giu backup nov 13\mitacsgui\debug\mitacsgui.tlog\cl.read.1.tlog
c:\users\valter zazubovits\documents\visual studio 2019\projects\mitacs giu backup nov 13\mitacsgui\debug\mitacsgui.tlog\cl.write.1.tlog
c:\users\valter zazubovits\documents\visual studio 2019\projects\mitacs giu backup nov 13\mitacsgui\debug\mitacsgui.tlog\link.command.1.tlog
c:\users\valter zazubovits\documents\visual studio 2019\projects\mitacs giu backup nov 13\mitacsgui\debug\mitacsgui.tlog\link.read.1.tlog
c:\users\valter zazubovits\documents\visual studio 2019\projects\mitacs giu backup nov 13\mitacsgui\debug\mitacsgui.tlog\link.write.1.tlog
c:\users\valter zazubovits\documents\visual studio 2019\projects\mitacs giu backup nov 13\mitacsgui\debug\mitacsgui.tlog\mitacsgui.write.1u.tlog
c:\users\valter zazubovits\documents\visual studio 2019\projects\mitacs giu backup nov 13\mitacsgui\debug\mitacsgui.tlog\rc.command.1.tlog
c:\users\valter zazubovits\documents\visual studio 2019\projects\mitacs giu backup nov 13\mitacsgui\debug\mitacsgui.tlog\rc.read.1.tlog
c:\users\valter zazubovits\documents\visual studio 2019\projects\mitacs giu backup nov 13\mitacsgui\debug\mitacsgui.tlog\rc.write.1.tlog
